Arguments: 
  C:\dev\spring\frontend01\spring-vue-sample\target\node\node.exe C:\dev\spring\frontend01\spring-vue-sample\target\node\yarn\dist\bin\yarn.js install

PATH: 
  C:\dev\spring\frontend01\spring-vue-sample\target\node;C:\dev\spring\frontend01\spring-vue-sample\target\node\yarn\dist\bin;C:\ProgramData\Oracle\Java\javapath;C:\oraclexe\app\oracle\product\11.2.0\server\bin;C:\oraclexe\app\oracle\product\11.2.0\server\bin;C:\Program Files (x86)\Intel\iCLS Client\;C:\Program Files\Intel\iCLS Client\;C:\Program Files\Common Files\Microsoft Shared\Windows Live;C:\Program Files (x86)\Common Files\Microsoft Shared\Windows Live;C:\windows\system32;C:\windows;C:\windows\System32\Wbem;C:\windows\System32\WindowsPowerShell\v1.0\;C:\Program Files (x86)\Windows Live\Shared;C:\Program Files\Intel\Intel(R) Management Engine Components\DAL;C:\Program Files\Intel\Intel(R) Management Engine Components\IPT;C:\Program Files (x86)\Intel\Intel(R) Management Engine Components\DAL;C:\Program Files (x86)\Intel\Intel(R) Management Engine Components\IPT;C:\Program Files (x86)\Intel\OpenCL SDK\2.0\bin\x86;C:\Program Files (x86)\Intel\OpenCL SDK\2.0\bin\x64;C:\Program Files\Intel\WiFi\bin\;C:\Program Files\Common Files\Intel\WirelessCommon\;c:\Program Files (x86)\Common Files\Ulead Systems\MPEG;C:\Program Files (x86)\Common Files\Roxio Shared\OEM\DLLShared\;C:\Program Files (x86)\Common Files\Roxio Shared\OEM\DLLShared\;C:\Program Files (x86)\Common Files\Roxio Shared\OEM\12.0\DLLShared\;C:\Program Files (x86)\Roxio 2010\OEM\AudioCore\;c:\Program Files (x86)\Microsoft SQL Server\90\Tools\binn\;C:\Program Files\Microsoft SQL Server\110\Tools\Binn\;C:\ProgramData\chocolatey\bin;C:\Program Files (x86)\Microsoft SDKs\TypeScript\1.0\;C:\Program Files\Microsoft SQL Server\120\Tools\Binn\;c:\Program Files (x86)\Microsoft SQL Server\110\Tools\Binn\;c:\Program Files\Microsoft SQL Server\110\DTS\Binn\;c:\Program Files (x86)\Microsoft SQL Server\110\Tools\Binn\ManagementStudio\;c:\Program Files (x86)\Microsoft SQL Server\110\DTS\Binn\;C:\Program Files (x86)\Microsoft ASP.NET\ASP.NET Web Pages\v1.0\;C:\Program Files\Microsoft\Web Platform Installer\;C:\windows\System32\WindowsPowerShell\v1.0\;C:\windows\System32\WindowsPowerShell\v1.0\;C:\windows\System32\WindowsPowerShell\v1.0\;C:\Program Files (x86)\Windows Kits\10\Windows Performance Toolkit\;C:\Scala\scala-2.11.8\bin;C:\windows\System32\WindowsPowerShell\v1.0\;C:\Program Files\Git\cmd;C:\Program Files\Microsoft VS Code\bin;C:\Program Files\nodejs\;C:\Program Files (x86)\QuickTime\QTSystem\;C:\Program Files\IBM\Cloud\bin;C:\Users\si30row\.dnx\runtimes\dnx-clr-win-x64.1.0.0-beta7\bin;C:\Users\si30row\.dnx\bin;C:\Java\jdk1.7.0_60\bin;C:\Users\si30row\AppData\Local\Programs\Python\Python36-32;C:\Users\si30row\AppData\Roaming\npm;

Yarn version: 
  1.9.4

Node version: 
  8.12.0

Platform: 
  win32 x64

Trace: 
  Error: EPIPE: broken pipe, write
      at Socket._write (internal/net.js:23:7)
      at doWrite (_stream_writable.js:396:12)
      at writeOrBuffer (_stream_writable.js:382:5)
      at Socket.Writable.write (_stream_writable.js:290:11)
      at Socket.write (net.js:711:40)
      at ConsoleReporter._log (C:\dev\spring\frontend01\spring-vue-sample\target\node\yarn\dist\lib\cli.js:88042:17)
      at ConsoleReporter.log (C:\dev\spring\frontend01\spring-vue-sample\target\node\yarn\dist\lib\cli.js:88030:10)
      at ConsoleReporter.step (C:\dev\spring\frontend01\spring-vue-sample\target\node\yarn\dist\lib\cli.js:87951:10)
      at C:\dev\spring\frontend01\spring-vue-sample\target\node\yarn\dist\lib\cli.js:23001:27
      at Generator.next (<anonymous>)

npm manifest: 
  {
    "name": "spring-data-rest-and-reactjs",
    "version": "0.1.0",
    "description": "Demo of ReactJS + Spring Data REST",
    "repository": {
      "type": "git",
      "url": "git@github.com:spring-guides/tut-react-and-spring-data-rest.git"
    },
    "keywords": [
      "rest",
      "hateoas",
      "spring",
      "data",
      "react"
    ],
    "author": "Greg L. Turnquist",
    "license": "Apache-2.0",
    "bugs": {
      "url": "https://github.com/spring-guides/tut-react-and-spring-data-rest/issues"
    },
    "homepage": "https://github.com/spring-guides/tut-react-and-spring-data-rest",
    "scripts": {
      "watch": "webpack --watch -d"
    },
    "dependencies": {
      "vue": "^2.5.17",
      "vue-router": "^3.0.1",
      "vuex": "^3.0.1"
    },
    "devDependencies": {
    	"webpack": "^4.19.1",
      "webpack-cli": "3.1.0",
      "style-loader": "^0.23.0",
      "css-loader": "^1.0.0",
      "url-loader": "^1.1.1",
      "vue-html-loader": "^1.2.4",
      "vue-loader": "^15.4.2",
      "vue-style-loader": "^4.1.2",
      "vue-template-compiler": "^2.5.17",
      "@babel/core": "^7.1.0",
      "@babel/plugin-proposal-class-properties": "^7.1.0",
      "@babel/plugin-proposal-decorators": "^7.1.0",
      "@babel/preset-env": "^7.1.0",
      "@babel/preset-react": "^7.0.0",
      "babel-loader": "^8.0.2"
    }
  }

yarn manifest: 
  No manifest

Lockfile: 
  No lockfile
